2024-08-19 11:48:41,720 [Worker-7: Loading available Gradle versions] INFO  o.e.b.c.i.u.g.PublishedGradleVersions - Gradle version information cache is up-to-date. Trying to read.
2024-08-19 11:49:41,156 [Worker-9: Importing Maven projects] INFO  o.e.m.c.i.l.LifecycleMappingFactory - Using org.eclipse.m2e.jdt.JarLifecycleMapping lifecycle mapping for MavenProject: com.code.api:bookstoreapi:0.0.1-SNAPSHOT @ D:\MCKVJAVA\Week4\exercise12\bookstoreapi\bookstoreapi\pom.xml.
2024-08-19 11:49:43,671 [Worker-9: Importing Maven projects] INFO  o.e.m.j.i.AbstractJavaProjectConfigurator - Adding source folder /bookstoreapi/src/main/java
2024-08-19 11:49:43,682 [Worker-9: Importing Maven projects] INFO  o.e.m.j.i.AbstractJavaProjectConfigurator - Adding resource folder /bookstoreapi/src/main/resources
2024-08-19 11:49:43,685 [Worker-9: Importing Maven projects] INFO  o.e.m.j.i.AbstractJavaProjectConfigurator - Adding resource folder /bookstoreapi/src/main/resources
2024-08-19 11:49:43,688 [Worker-9: Importing Maven projects] INFO  o.e.m.j.i.AbstractJavaProjectConfigurator - Adding source folder /bookstoreapi/src/test/java
2024-08-19 11:49:43,691 [Worker-9: Importing Maven projects] INFO  o.e.m.j.i.AbstractJavaProjectConfigurator - Adding resource folder /bookstoreapi/src/test/resources
2024-08-19 11:49:50,152 [Worker-5: Building] INFO  o.a.m.s.f.DefaultMavenResourcesFiltering - Copying 1 resource from src\main\resources to target\classes
2024-08-19 11:49:50,210 [Worker-5: Building] INFO  o.a.m.s.f.DefaultMavenResourcesFiltering - Copying 0 resource from src\main\resources to target\classes
2024-08-19 11:49:50,225 [Worker-5: Building] INFO  o.a.m.s.f.DefaultMavenResourcesFiltering - skip non existing resourceDirectory D:\MCKVJAVA\Week4\exercise12\bookstoreapi\bookstoreapi\src\test\resources
2024-08-19 11:52:22,572 [Worker-3: Building] INFO  o.a.m.s.f.DefaultMavenResourcesFiltering - Copying 1 resource from src\main\resources to target\classes
2024-08-19 11:52:22,582 [Worker-3: Building] INFO  o.a.m.s.f.DefaultMavenResourcesFiltering - Copying 0 resource from src\main\resources to target\classes
2024-08-19 11:52:22,591 [Worker-3: Building] INFO  o.a.m.s.f.DefaultMavenResourcesFiltering - skip non existing resourceDirectory D:\MCKVJAVA\Week4\exercise12\bookstoreapi\bookstoreapi\src\test\resources
2024-08-19 11:53:39,423 [Worker-5: Building] INFO  o.e.m.c.i.l.LifecycleMappingFactory - Using org.eclipse.m2e.jdt.JarLifecycleMapping lifecycle mapping for MavenProject: com.code.api:bookstoreapi:0.0.1-SNAPSHOT @ D:\MCKVJAVA\Week4\exercise12\bookstoreapi\bookstoreapi\pom.xml.
2024-08-19 11:53:41,211 [Worker-5: Building] INFO  o.a.m.s.f.DefaultMavenResourcesFiltering - Copying 1 resource from src\main\resources to target\classes
2024-08-19 11:53:41,254 [Worker-5: Building] INFO  o.a.m.s.f.DefaultMavenResourcesFiltering - Copying 0 resource from src\main\resources to target\classes
2024-08-19 11:53:41,266 [Worker-5: Building] INFO  o.a.m.s.f.DefaultMavenResourcesFiltering - skip non existing resourceDirectory D:\MCKVJAVA\Week4\exercise12\bookstoreapi\bookstoreapi\src\test\resources
2024-08-19 11:53:41,367 [Worker-28: Updating Maven Project] INFO  o.e.m.c.i.p.ProjectConfigurationManager - Update started
2024-08-19 11:53:42,167 [Worker-28: Updating Maven Project] INFO  o.e.m.c.i.l.LifecycleMappingFactory - Using org.eclipse.m2e.jdt.JarLifecycleMapping lifecycle mapping for MavenProject: com.code.api:bookstoreapi:0.0.1-SNAPSHOT @ D:\MCKVJAVA\Week4\exercise12\bookstoreapi\bookstoreapi\pom.xml.
2024-08-19 11:53:43,355 [Worker-28: Updating Maven Project] INFO  o.e.m.j.i.AbstractJavaProjectConfigurator - Adding source folder /bookstoreapi/src/main/java
2024-08-19 11:53:43,356 [Worker-28: Updating Maven Project] INFO  o.e.m.j.i.AbstractJavaProjectConfigurator - Adding resource folder /bookstoreapi/src/main/resources
2024-08-19 11:53:43,357 [Worker-28: Updating Maven Project] INFO  o.e.m.j.i.AbstractJavaProjectConfigurator - Adding resource folder /bookstoreapi/src/main/resources
2024-08-19 11:53:43,357 [Worker-28: Updating Maven Project] INFO  o.e.m.j.i.AbstractJavaProjectConfigurator - Adding source folder /bookstoreapi/src/test/java
2024-08-19 11:53:43,358 [Worker-28: Updating Maven Project] INFO  o.e.m.j.i.AbstractJavaProjectConfigurator - Adding resource folder /bookstoreapi/src/test/resources
2024-08-19 11:53:43,760 [Worker-12: Updating Maven Project] INFO  o.e.m.c.i.p.ProjectConfigurationManager - Update started
2024-08-19 11:53:45,125 [Worker-12: Updating Maven Project] INFO  o.e.m.c.i.l.LifecycleMappingFactory - Using org.eclipse.m2e.jdt.JarLifecycleMapping lifecycle mapping for MavenProject: com.code.api:bookstoreapi:0.0.1-SNAPSHOT @ D:\MCKVJAVA\Week4\exercise12\bookstoreapi\bookstoreapi\pom.xml.
2024-08-19 11:53:46,564 [Worker-12: Updating Maven Project] INFO  o.e.m.j.i.AbstractJavaProjectConfigurator - Adding source folder /bookstoreapi/src/main/java
2024-08-19 11:53:46,566 [Worker-12: Updating Maven Project] INFO  o.e.m.j.i.AbstractJavaProjectConfigurator - Adding resource folder /bookstoreapi/src/main/resources
2024-08-19 11:53:46,569 [Worker-12: Updating Maven Project] INFO  o.e.m.j.i.AbstractJavaProjectConfigurator - Adding resource folder /bookstoreapi/src/main/resources
2024-08-19 11:53:46,570 [Worker-12: Updating Maven Project] INFO  o.e.m.j.i.AbstractJavaProjectConfigurator - Adding source folder /bookstoreapi/src/test/java
2024-08-19 11:53:46,572 [Worker-12: Updating Maven Project] INFO  o.e.m.j.i.AbstractJavaProjectConfigurator - Adding resource folder /bookstoreapi/src/test/resources
2024-08-19 11:53:48,364 [Worker-26: Building] INFO  o.a.m.s.f.DefaultMavenResourcesFiltering - Copying 1 resource from src\main\resources to target\classes
2024-08-19 11:53:48,434 [Worker-26: Building] INFO  o.a.m.s.f.DefaultMavenResourcesFiltering - Copying 0 resource from src\main\resources to target\classes
2024-08-19 11:53:48,444 [Worker-26: Building] INFO  o.a.m.s.f.DefaultMavenResourcesFiltering - skip non existing resourceDirectory D:\MCKVJAVA\Week4\exercise12\bookstoreapi\bookstoreapi\src\test\resources
2024-08-19 11:55:29,193 [Worker-6: Building] INFO  o.a.m.s.f.DefaultMavenResourcesFiltering - Copying 1 resource from src\main\resources to target\classes
2024-08-19 11:55:29,202 [Worker-6: Building] INFO  o.a.m.s.f.DefaultMavenResourcesFiltering - Copying 0 resource from src\main\resources to target\classes
2024-08-19 11:55:29,207 [Worker-6: Building] INFO  o.a.m.s.f.DefaultMavenResourcesFiltering - skip non existing resourceDirectory D:\MCKVJAVA\Week4\exercise12\bookstoreapi\bookstoreapi\src\test\resources
2024-08-19 11:56:29,597 [Worker-6: Building] INFO  o.a.m.s.f.DefaultMavenResourcesFiltering - Copying 1 resource from src\main\resources to target\classes
2024-08-19 11:56:29,606 [Worker-6: Building] INFO  o.a.m.s.f.DefaultMavenResourcesFiltering - Copying 0 resource from src\main\resources to target\classes
2024-08-19 11:56:29,611 [Worker-6: Building] INFO  o.a.m.s.f.DefaultMavenResourcesFiltering - skip non existing resourceDirectory D:\MCKVJAVA\Week4\exercise12\bookstoreapi\bookstoreapi\src\test\resources
2024-08-19 11:56:48,370 [Worker-24: Building] INFO  o.a.m.s.f.DefaultMavenResourcesFiltering - Copying 1 resource from src\main\resources to target\classes
2024-08-19 11:56:48,380 [Worker-24: Building] INFO  o.a.m.s.f.DefaultMavenResourcesFiltering - Copying 0 resource from src\main\resources to target\classes
2024-08-19 11:56:48,386 [Worker-24: Building] INFO  o.a.m.s.f.DefaultMavenResourcesFiltering - skip non existing resourceDirectory D:\MCKVJAVA\Week4\exercise12\bookstoreapi\bookstoreapi\src\test\resources
2024-08-19 11:57:17,906 [Worker-24: Building] INFO  o.a.m.s.f.DefaultMavenResourcesFiltering - Copying 1 resource from src\main\resources to target\classes
2024-08-19 11:57:17,912 [Worker-24: Building] INFO  o.a.m.s.f.DefaultMavenResourcesFiltering - Copying 0 resource from src\main\resources to target\classes
2024-08-19 11:57:17,916 [Worker-24: Building] INFO  o.a.m.s.f.DefaultMavenResourcesFiltering - skip non existing resourceDirectory D:\MCKVJAVA\Week4\exercise12\bookstoreapi\bookstoreapi\src\test\resources
2024-08-19 11:59:02,749 [Worker-22: Building] INFO  o.a.m.s.f.DefaultMavenResourcesFiltering - Copying 1 resource from src\main\resources to target\classes
2024-08-19 11:59:02,762 [Worker-22: Building] INFO  o.a.m.s.f.DefaultMavenResourcesFiltering - Copying 0 resource from src\main\resources to target\classes
2024-08-19 11:59:02,767 [Worker-22: Building] INFO  o.a.m.s.f.DefaultMavenResourcesFiltering - skip non existing resourceDirectory D:\MCKVJAVA\Week4\exercise12\bookstoreapi\bookstoreapi\src\test\resources
2024-08-19 12:00:18,323 [Worker-22: Building] INFO  o.a.m.s.f.DefaultMavenResourcesFiltering - Copying 1 resource from src\main\resources to target\classes
2024-08-19 12:00:18,351 [Worker-22: Building] INFO  o.a.m.s.f.DefaultMavenResourcesFiltering - Copying 0 resource from src\main\resources to target\classes
2024-08-19 12:00:18,355 [Worker-22: Building] INFO  o.a.m.s.f.DefaultMavenResourcesFiltering - skip non existing resourceDirectory D:\MCKVJAVA\Week4\exercise12\bookstoreapi\bookstoreapi\src\test\resources
2024-08-19 12:01:01,659 [Worker-19: Launching Executing install in D__MCKVJAVA_Week4_exercise12_bookstoreapi_bookstoreapi] INFO  o.eclipse.m2e.core.internal.Bundles - getClasspathEntries(Bundle=org.eclipse.m2e.maven.runtime_3.9.600.20231203-1234 [638])
2024-08-19 12:01:01,661 [Worker-19: Launching Executing install in D__MCKVJAVA_Week4_exercise12_bookstoreapi_bookstoreapi] INFO  o.eclipse.m2e.core.internal.Bundles - 	Entry: D:\eclipse-jee-2024-03-R-win32-x86_64\eclipse\plugins\org.eclipse.m2e.maven.runtime_3.9.600.20231203-1234
2024-08-19 12:01:01,661 [Worker-19: Launching Executing install in D__MCKVJAVA_Week4_exercise12_bookstoreapi_bookstoreapi] INFO  o.eclipse.m2e.core.internal.Bundles - 	Entry: D:\eclipse-jee-2024-03-R-win32-x86_64\eclipse\plugins\org.eclipse.m2e.maven.runtime_3.9.600.20231203-1234\jars\aopalliance-1.0.jar
2024-08-19 12:01:01,661 [Worker-19: Launching Executing install in D__MCKVJAVA_Week4_exercise12_bookstoreapi_bookstoreapi] INFO  o.eclipse.m2e.core.internal.Bundles - 	Entry: D:\eclipse-jee-2024-03-R-win32-x86_64\eclipse\plugins\org.eclipse.m2e.maven.runtime_3.9.600.20231203-1234\jars\guice-5.1.0.jar
2024-08-19 12:01:01,661 [Worker-19: Launching Executing install in D__MCKVJAVA_Week4_exercise12_bookstoreapi_bookstoreapi] INFO  o.eclipse.m2e.core.internal.Bundles - 	Entry: D:\eclipse-jee-2024-03-R-win32-x86_64\eclipse\plugins\org.eclipse.m2e.maven.runtime_3.9.600.20231203-1234\jars\httpclient-4.5.14.jar
2024-08-19 12:01:01,661 [Worker-19: Launching Executing install in D__MCKVJAVA_Week4_exercise12_bookstoreapi_bookstoreapi] INFO  o.eclipse.m2e.core.internal.Bundles - 	Entry: D:\eclipse-jee-2024-03-R-win32-x86_64\eclipse\plugins\org.eclipse.m2e.maven.runtime_3.9.600.20231203-1234\jars\httpcore-4.4.16.jar
2024-08-19 12:01:01,661 [Worker-19: Launching Executing install in D__MCKVJAVA_Week4_exercise12_bookstoreapi_bookstoreapi] INFO  o.eclipse.m2e.core.internal.Bundles - 	Entry: D:\eclipse-jee-2024-03-R-win32-x86_64\eclipse\plugins\org.eclipse.m2e.maven.runtime_3.9.600.20231203-1234\jars\jansi-2.4.0.jar
2024-08-19 12:01:01,661 [Worker-19: Launching Executing install in D__MCKVJAVA_Week4_exercise12_bookstoreapi_bookstoreapi] INFO  o.eclipse.m2e.core.internal.Bundles - 	Entry: D:\eclipse-jee-2024-03-R-win32-x86_64\eclipse\plugins\org.eclipse.m2e.maven.runtime_3.9.600.20231203-1234\jars\jcl-over-slf4j-1.7.36.jar
2024-08-19 12:01:01,661 [Worker-19: Launching Executing install in D__MCKVJAVA_Week4_exercise12_bookstoreapi_bookstoreapi] INFO  o.eclipse.m2e.core.internal.Bundles - 	Entry: D:\eclipse-jee-2024-03-R-win32-x86_64\eclipse\plugins\org.eclipse.m2e.maven.runtime_3.9.600.20231203-1234\jars\maven-artifact-3.9.6.jar
2024-08-19 12:01:01,661 [Worker-19: Launching Executing install in D__MCKVJAVA_Week4_exercise12_bookstoreapi_bookstoreapi] INFO  o.eclipse.m2e.core.internal.Bundles - 	Entry: D:\eclipse-jee-2024-03-R-win32-x86_64\eclipse\plugins\org.eclipse.m2e.maven.runtime_3.9.600.20231203-1234\jars\maven-builder-support-3.9.6.jar
2024-08-19 12:01:01,661 [Worker-19: Launching Executing install in D__MCKVJAVA_Week4_exercise12_bookstoreapi_bookstoreapi] INFO  o.eclipse.m2e.core.internal.Bundles - 	Entry: D:\eclipse-jee-2024-03-R-win32-x86_64\eclipse\plugins\org.eclipse.m2e.maven.runtime_3.9.600.20231203-1234\jars\maven-compat-3.9.6.jar
2024-08-19 12:01:01,661 [Worker-19: Launching Executing install in D__MCKVJAVA_Week4_exercise12_bookstoreapi_bookstoreapi] INFO  o.eclipse.m2e.core.internal.Bundles - 	Entry: D:\eclipse-jee-2024-03-R-win32-x86_64\eclipse\plugins\org.eclipse.m2e.maven.runtime_3.9.600.20231203-1234\jars\maven-core-3.9.6.jar
2024-08-19 12:01:01,661 [Worker-19: Launching Executing install in D__MCKVJAVA_Week4_exercise12_bookstoreapi_bookstoreapi] INFO  o.eclipse.m2e.core.internal.Bundles - 	Entry: D:\eclipse-jee-2024-03-R-win32-x86_64\eclipse\plugins\org.eclipse.m2e.maven.runtime_3.9.600.20231203-1234\jars\maven-embedder-3.9.6.jar
2024-08-19 12:01:01,661 [Worker-19: Launching Executing install in D__MCKVJAVA_Week4_exercise12_bookstoreapi_bookstoreapi] INFO  o.eclipse.m2e.core.internal.Bundles - 	Entry: D:\eclipse-jee-2024-03-R-win32-x86_64\eclipse\plugins\org.eclipse.m2e.maven.runtime_3.9.600.20231203-1234\jars\maven-model-3.9.6.jar
2024-08-19 12:01:01,661 [Worker-19: Launching Executing install in D__MCKVJAVA_Week4_exercise12_bookstoreapi_bookstoreapi] INFO  o.eclipse.m2e.core.internal.Bundles - 	Entry: D:\eclipse-jee-2024-03-R-win32-x86_64\eclipse\plugins\org.eclipse.m2e.maven.runtime_3.9.600.20231203-1234\jars\maven-model-builder-3.9.6.jar
2024-08-19 12:01:01,661 [Worker-19: Launching Executing install in D__MCKVJAVA_Week4_exercise12_bookstoreapi_bookstoreapi] INFO  o.eclipse.m2e.core.internal.Bundles - 	Entry: D:\eclipse-jee-2024-03-R-win32-x86_64\eclipse\plugins\org.eclipse.m2e.maven.runtime_3.9.600.20231203-1234\jars\maven-plugin-api-3.9.6.jar
2024-08-19 12:01:01,661 [Worker-19: Launching Executing install in D__MCKVJAVA_Week4_exercise12_bookstoreapi_bookstoreapi] INFO  o.eclipse.m2e.core.internal.Bundles - 	Entry: D:\eclipse-jee-2024-03-R-win32-x86_64\eclipse\plugins\org.eclipse.m2e.maven.runtime_3.9.600.20231203-1234\jars\maven-repository-metadata-3.9.6.jar
2024-08-19 12:01:01,661 [Worker-19: Launching Executing install in D__MCKVJAVA_Week4_exercise12_bookstoreapi_bookstoreapi] INFO  o.eclipse.m2e.core.internal.Bundles - 	Entry: D:\eclipse-jee-2024-03-R-win32-x86_64\eclipse\plugins\org.eclipse.m2e.maven.runtime_3.9.600.20231203-1234\jars\maven-resolver-api-1.9.18.jar
2024-08-19 12:01:01,662 [Worker-19: Launching Executing install in D__MCKVJAVA_Week4_exercise12_bookstoreapi_bookstoreapi] INFO  o.eclipse.m2e.core.internal.Bundles - 	Entry: D:\eclipse-jee-2024-03-R-win32-x86_64\eclipse\plugins\org.eclipse.m2e.maven.runtime_3.9.600.20231203-1234\jars\maven-resolver-connector-basic-1.9.18.jar
2024-08-19 12:01:01,662 [Worker-19: Launching Executing install in D__MCKVJAVA_Week4_exercise12_bookstoreapi_bookstoreapi] INFO  o.eclipse.m2e.core.internal.Bundles - 	Entry: D:\eclipse-jee-2024-03-R-win32-x86_64\eclipse\plugins\org.eclipse.m2e.maven.runtime_3.9.600.20231203-1234\jars\maven-resolver-impl-1.9.18.jar
2024-08-19 12:01:01,662 [Worker-19: Launching Executing install in D__MCKVJAVA_Week4_exercise12_bookstoreapi_bookstoreapi] INFO  o.eclipse.m2e.core.internal.Bundles - 	Entry: D:\eclipse-jee-2024-03-R-win32-x86_64\eclipse\plugins\org.eclipse.m2e.maven.runtime_3.9.600.20231203-1234\jars\maven-resolver-named-locks-1.9.18.jar
2024-08-19 12:01:01,662 [Worker-19: Launching Executing install in D__MCKVJAVA_Week4_exercise12_bookstoreapi_bookstoreapi] INFO  o.eclipse.m2e.core.internal.Bundles - 	Entry: D:\eclipse-jee-2024-03-R-win32-x86_64\eclipse\plugins\org.eclipse.m2e.maven.runtime_3.9.600.20231203-1234\jars\maven-resolver-provider-3.9.6.jar
2024-08-19 12:01:01,662 [Worker-19: Launching Executing install in D__MCKVJAVA_Week4_exercise12_bookstoreapi_bookstoreapi] INFO  o.eclipse.m2e.core.internal.Bundles - 	Entry: D:\eclipse-jee-2024-03-R-win32-x86_64\eclipse\plugins\org.eclipse.m2e.maven.runtime_3.9.600.20231203-1234\jars\maven-resolver-spi-1.9.18.jar
2024-08-19 12:01:01,662 [Worker-19: Launching Executing install in D__MCKVJAVA_Week4_exercise12_bookstoreapi_bookstoreapi] INFO  o.eclipse.m2e.core.internal.Bundles - 	Entry: D:\eclipse-jee-2024-03-R-win32-x86_64\eclipse\plugins\org.eclipse.m2e.maven.runtime_3.9.600.20231203-1234\jars\maven-resolver-transport-file-1.9.18.jar
2024-08-19 12:01:01,662 [Worker-19: Launching Executing install in D__MCKVJAVA_Week4_exercise12_bookstoreapi_bookstoreapi] INFO  o.eclipse.m2e.core.internal.Bundles - 	Entry: D:\eclipse-jee-2024-03-R-win32-x86_64\eclipse\plugins\org.eclipse.m2e.maven.runtime_3.9.600.20231203-1234\jars\maven-resolver-transport-http-1.9.18.jar
2024-08-19 12:01:01,662 [Worker-19: Launching Executing install in D__MCKVJAVA_Week4_exercise12_bookstoreapi_bookstoreapi] INFO  o.eclipse.m2e.core.internal.Bundles - 	Entry: D:\eclipse-jee-2024-03-R-win32-x86_64\eclipse\plugins\org.eclipse.m2e.maven.runtime_3.9.600.20231203-1234\jars\maven-resolver-transport-wagon-1.9.18.jar
2024-08-19 12:01:01,662 [Worker-19: Launching Executing install in D__MCKVJAVA_Week4_exercise12_bookstoreapi_bookstoreapi] INFO  o.eclipse.m2e.core.internal.Bundles - 	Entry: D:\eclipse-jee-2024-03-R-win32-x86_64\eclipse\plugins\org.eclipse.m2e.maven.runtime_3.9.600.20231203-1234\jars\maven-resolver-util-1.9.18.jar
2024-08-19 12:01:01,662 [Worker-19: Launching Executing install in D__MCKVJAVA_Week4_exercise12_bookstoreapi_bookstoreapi] INFO  o.eclipse.m2e.core.internal.Bundles - 	Entry: D:\eclipse-jee-2024-03-R-win32-x86_64\eclipse\plugins\org.eclipse.m2e.maven.runtime_3.9.600.20231203-1234\jars\maven-settings-3.9.6.jar
2024-08-19 12:01:01,662 [Worker-19: Launching Executing install in D__MCKVJAVA_Week4_exercise12_bookstoreapi_bookstoreapi] INFO  o.eclipse.m2e.core.internal.Bundles - 	Entry: D:\eclipse-jee-2024-03-R-win32-x86_64\eclipse\plugins\org.eclipse.m2e.maven.runtime_3.9.600.20231203-1234\jars\maven-settings-builder-3.9.6.jar
2024-08-19 12:01:01,662 [Worker-19: Launching Executing install in D__MCKVJAVA_Week4_exercise12_bookstoreapi_bookstoreapi] INFO  o.eclipse.m2e.core.internal.Bundles - 	Entry: D:\eclipse-jee-2024-03-R-win32-x86_64\eclipse\plugins\org.eclipse.m2e.maven.runtime_3.9.600.20231203-1234\jars\maven-shared-utils-3.3.4.jar
2024-08-19 12:01:01,662 [Worker-19: Launching Executing install in D__MCKVJAVA_Week4_exercise12_bookstoreapi_bookstoreapi] INFO  o.eclipse.m2e.core.internal.Bundles - 	Entry: D:\eclipse-jee-2024-03-R-win32-x86_64\eclipse\plugins\org.eclipse.m2e.maven.runtime_3.9.600.20231203-1234\jars\org.eclipse.sisu.inject-0.9.0.M2.jar
2024-08-19 12:01:01,662 [Worker-19: Launching Executing install in D__MCKVJAVA_Week4_exercise12_bookstoreapi_bookstoreapi] INFO  o.eclipse.m2e.core.internal.Bundles - 	Entry: D:\eclipse-jee-2024-03-R-win32-x86_64\eclipse\plugins\org.eclipse.m2e.maven.runtime_3.9.600.20231203-1234\jars\org.eclipse.sisu.plexus-0.9.0.M2.jar
2024-08-19 12:01:01,662 [Worker-19: Launching Executing install in D__MCKVJAVA_Week4_exercise12_bookstoreapi_bookstoreapi] INFO  o.eclipse.m2e.core.internal.Bundles - 	Entry: D:\eclipse-jee-2024-03-R-win32-x86_64\eclipse\plugins\org.eclipse.m2e.maven.runtime_3.9.600.20231203-1234\jars\plexus-build-api-0.0.7.jar
2024-08-19 12:01:01,662 [Worker-19: Launching Executing install in D__MCKVJAVA_Week4_exercise12_bookstoreapi_bookstoreapi] INFO  o.eclipse.m2e.core.internal.Bundles - 	Entry: D:\eclipse-jee-2024-03-R-win32-x86_64\eclipse\plugins\org.eclipse.m2e.maven.runtime_3.9.600.20231203-1234\jars\plexus-cipher-2.0.jar
2024-08-19 12:01:01,662 [Worker-19: Launching Executing install in D__MCKVJAVA_Week4_exercise12_bookstoreapi_bookstoreapi] INFO  o.eclipse.m2e.core.internal.Bundles - 	Entry: D:\eclipse-jee-2024-03-R-win32-x86_64\eclipse\plugins\org.eclipse.m2e.maven.runtime_3.9.600.20231203-1234\jars\plexus-classworlds-2.7.0.jar
2024-08-19 12:01:01,662 [Worker-19: Launching Executing install in D__MCKVJAVA_Week4_exercise12_bookstoreapi_bookstoreapi] INFO  o.eclipse.m2e.core.internal.Bundles - 	Entry: D:\eclipse-jee-2024-03-R-win32-x86_64\eclipse\plugins\org.eclipse.m2e.maven.runtime_3.9.600.20231203-1234\jars\plexus-component-annotations-2.1.0.jar
2024-08-19 12:01:01,662 [Worker-19: Launching Executing install in D__MCKVJAVA_Week4_exercise12_bookstoreapi_bookstoreapi] INFO  o.eclipse.m2e.core.internal.Bundles - 	Entry: D:\eclipse-jee-2024-03-R-win32-x86_64\eclipse\plugins\org.eclipse.m2e.maven.runtime_3.9.600.20231203-1234\jars\plexus-interpolation-1.26.jar
2024-08-19 12:01:01,664 [Worker-19: Launching Executing install in D__MCKVJAVA_Week4_exercise12_bookstoreapi_bookstoreapi] INFO  o.eclipse.m2e.core.internal.Bundles - 	Entry: D:\eclipse-jee-2024-03-R-win32-x86_64\eclipse\plugins\org.eclipse.m2e.maven.runtime_3.9.600.20231203-1234\jars\plexus-sec-dispatcher-2.0.jar
2024-08-19 12:01:01,664 [Worker-19: Launching Executing install in D__MCKVJAVA_Week4_exercise12_bookstoreapi_bookstoreapi] INFO  o.eclipse.m2e.core.internal.Bundles - 	Entry: D:\eclipse-jee-2024-03-R-win32-x86_64\eclipse\plugins\org.eclipse.m2e.maven.runtime_3.9.600.20231203-1234\jars\plexus-utils-3.5.1.jar
2024-08-19 12:01:01,664 [Worker-19: Launching Executing install in D__MCKVJAVA_Week4_exercise12_bookstoreapi_bookstoreapi] INFO  o.eclipse.m2e.core.internal.Bundles - 	Entry: D:\eclipse-jee-2024-03-R-win32-x86_64\eclipse\plugins\org.eclipse.m2e.maven.runtime_3.9.600.20231203-1234\jars\wagon-file-3.5.3.jar
2024-08-19 12:01:01,664 [Worker-19: Launching Executing install in D__MCKVJAVA_Week4_exercise12_bookstoreapi_bookstoreapi] INFO  o.eclipse.m2e.core.internal.Bundles - 	Entry: D:\eclipse-jee-2024-03-R-win32-x86_64\eclipse\plugins\org.eclipse.m2e.maven.runtime_3.9.600.20231203-1234\jars\wagon-http-3.5.3.jar
2024-08-19 12:01:01,664 [Worker-19: Launching Executing install in D__MCKVJAVA_Week4_exercise12_bookstoreapi_bookstoreapi] INFO  o.eclipse.m2e.core.internal.Bundles - 	Entry: D:\eclipse-jee-2024-03-R-win32-x86_64\eclipse\plugins\org.eclipse.m2e.maven.runtime_3.9.600.20231203-1234\jars\wagon-http-shared-3.5.3.jar
2024-08-19 12:01:01,664 [Worker-19: Launching Executing install in D__MCKVJAVA_Week4_exercise12_bookstoreapi_bookstoreapi] INFO  o.eclipse.m2e.core.internal.Bundles - 	Entry: D:\eclipse-jee-2024-03-R-win32-x86_64\eclipse\plugins\org.eclipse.m2e.maven.runtime_3.9.600.20231203-1234\jars\wagon-provider-api-3.5.3.jar
2024-08-19 12:01:01,665 [Worker-19: Launching Executing install in D__MCKVJAVA_Week4_exercise12_bookstoreapi_bookstoreapi] INFO  o.eclipse.m2e.core.internal.Bundles - getClasspathEntries(Bundle=com.google.guava_33.0.0.jre [14])
2024-08-19 12:01:01,665 [Worker-19: Launching Executing install in D__MCKVJAVA_Week4_exercise12_bookstoreapi_bookstoreapi] INFO  o.eclipse.m2e.core.internal.Bundles - 	Entry: D:\eclipse-jee-2024-03-R-win32-x86_64\eclipse\plugins\com.google.guava_33.0.0.jre.jar
2024-08-19 12:01:01,665 [Worker-19: Launching Executing install in D__MCKVJAVA_Week4_exercise12_bookstoreapi_bookstoreapi] INFO  o.eclipse.m2e.core.internal.Bundles - getClasspathEntries(Bundle=slf4j.api_2.0.12 [1001])
2024-08-19 12:01:01,665 [Worker-19: Launching Executing install in D__MCKVJAVA_Week4_exercise12_bookstoreapi_bookstoreapi] INFO  o.eclipse.m2e.core.internal.Bundles - 	Entry: D:\eclipse-jee-2024-03-R-win32-x86_64\eclipse\plugins\slf4j.api_2.0.12.jar
2024-08-19 12:01:01,666 [Worker-19: Launching Executing install in D__MCKVJAVA_Week4_exercise12_bookstoreapi_bookstoreapi] INFO  o.eclipse.m2e.core.internal.Bundles - getClasspathEntries(Bundle=javax.inject_1.0.0.v20220405-0441 [1194])
2024-08-19 12:01:01,666 [Worker-19: Launching Executing install in D__MCKVJAVA_Week4_exercise12_bookstoreapi_bookstoreapi] INFO  o.eclipse.m2e.core.internal.Bundles - 	Entry: D:\eclipse-jee-2024-03-R-win32-x86_64\eclipse\plugins\javax.inject_1.0.0.v20220405-0441.jar
2024-08-19 12:01:01,666 [Worker-19: Launching Executing install in D__MCKVJAVA_Week4_exercise12_bookstoreapi_bookstoreapi] INFO  o.eclipse.m2e.core.internal.Bundles - getClasspathEntries(Bundle=javax.annotation_1.3.5.v20230504-0748 [1193])
2024-08-19 12:01:01,666 [Worker-19: Launching Executing install in D__MCKVJAVA_Week4_exercise12_bookstoreapi_bookstoreapi] INFO  o.eclipse.m2e.core.internal.Bundles - 	Entry: D:\eclipse-jee-2024-03-R-win32-x86_64\eclipse\plugins\javax.annotation_1.3.5.v20230504-0748.jar
2024-08-19 12:01:01,666 [Worker-19: Launching Executing install in D__MCKVJAVA_Week4_exercise12_bookstoreapi_bookstoreapi] INFO  o.eclipse.m2e.core.internal.Bundles - getClasspathEntries(Bundle=org.apache.commons.cli_1.6.0 [75])
2024-08-19 12:01:01,666 [Worker-19: Launching Executing install in D__MCKVJAVA_Week4_exercise12_bookstoreapi_bookstoreapi] INFO  o.eclipse.m2e.core.internal.Bundles - 	Entry: D:\eclipse-jee-2024-03-R-win32-x86_64\eclipse\plugins\org.apache.commons.cli_1.6.0.jar
2024-08-19 12:01:01,666 [Worker-19: Launching Executing install in D__MCKVJAVA_Week4_exercise12_bookstoreapi_bookstoreapi] INFO  o.eclipse.m2e.core.internal.Bundles - getClasspathEntries(Bundle=org.apache.commons.commons-codec_1.16.0 [78])
2024-08-19 12:01:01,666 [Worker-19: Launching Executing install in D__MCKVJAVA_Week4_exercise12_bookstoreapi_bookstoreapi] INFO  o.eclipse.m2e.core.internal.Bundles - 	Entry: D:\eclipse-jee-2024-03-R-win32-x86_64\eclipse\plugins\org.apache.commons.commons-codec_1.16.0.jar
2024-08-19 12:01:01,668 [Worker-19: Launching Executing install in D__MCKVJAVA_Week4_exercise12_bookstoreapi_bookstoreapi] INFO  o.eclipse.m2e.core.internal.Bundles - getClasspathEntries(Bundle=org.apache.commons.lang3_3.14.0 [86])
2024-08-19 12:01:01,668 [Worker-19: Launching Executing install in D__MCKVJAVA_Week4_exercise12_bookstoreapi_bookstoreapi] INFO  o.eclipse.m2e.core.internal.Bundles - 	Entry: D:\eclipse-jee-2024-03-R-win32-x86_64\eclipse\plugins\org.apache.commons.lang3_3.14.0.jar
2024-08-19 12:01:01,668 [Worker-19: Launching Executing install in D__MCKVJAVA_Week4_exercise12_bookstoreapi_bookstoreapi] INFO  o.eclipse.m2e.core.internal.Bundles - getClasspathEntries(Bundle=com.google.guava.failureaccess_1.0.2 [15])
2024-08-19 12:01:01,668 [Worker-19: Launching Executing install in D__MCKVJAVA_Week4_exercise12_bookstoreapi_bookstoreapi] INFO  o.eclipse.m2e.core.internal.Bundles - 	Entry: D:\eclipse-jee-2024-03-R-win32-x86_64\eclipse\plugins\com.google.guava.failureaccess_1.0.2.jar
2024-08-19 12:01:01,671 [Worker-19: Launching Executing install in D__MCKVJAVA_Week4_exercise12_bookstoreapi_bookstoreapi] INFO  o.e.m.i.launch.MavenLaunchDelegate - Run build in "D:\MCKVJAVA\Week4\exercise12\bookstoreapi\bookstoreapi":
2024-08-19 12:01:01,678 [Worker-19: Launching Executing install in D__MCKVJAVA_Week4_exercise12_bookstoreapi_bookstoreapi] INFO  o.e.m.i.launch.MavenLaunchDelegate -  mvn  -B -Dstyle.color=always install
2024-08-19 12:01:56,927 [Worker-22: Building] ERROR o.e.m.c.i.p.r.ProjectRegistryManager - Could not read pom.xml
org.eclipse.core.runtime.CoreException: Could not read pom.xml
	at org.eclipse.m2e.core.internal.IMavenToolbox.readModel(IMavenToolbox.java:245)
	at org.eclipse.m2e.core.internal.project.registry.ProjectRegistryManager.refreshPhase2(ProjectRegistryManager.java:587)
	at org.eclipse.m2e.core.internal.project.registry.ProjectRegistryManager.refresh(ProjectRegistryManager.java:487)
	at org.eclipse.m2e.core.internal.project.registry.ProjectRegistryManager.refresh(ProjectRegistryManager.java:366)
	at org.eclipse.m2e.core.internal.project.registry.ProjectRegistryManager.refresh(ProjectRegistryManager.java:318)
	at org.eclipse.m2e.core.internal.builder.MavenBuilder$BuildMethod.getProjectFacade(MavenBuilder.java:146)
	at org.eclipse.m2e.core.internal.builder.MavenBuilder$BuildMethod.lambda$0(MavenBuilder.java:84)
	at org.eclipse.m2e.core.internal.embedder.MavenExecutionContext.executeBare(MavenExecutionContext.java:458)
	at org.eclipse.m2e.core.internal.embedder.MavenExecutionContext.execute(MavenExecutionContext.java:339)
	at org.eclipse.m2e.core.internal.embedder.MavenExecutionContext.execute(MavenExecutionContext.java:278)
	at org.eclipse.m2e.core.internal.builder.MavenBuilder$BuildMethod.execute(MavenBuilder.java:83)
	at org.eclipse.m2e.core.internal.builder.MavenBuilder.build(MavenBuilder.java:192)
	at org.eclipse.core.internal.events.BuildManager$2.run(BuildManager.java:1077)
	at org.eclipse.core.runtime.SafeRunner.run(SafeRunner.java:47)
	at org.eclipse.core.internal.events.BuildManager.basicBuild(BuildManager.java:296)
	at org.eclipse.core.internal.events.BuildManager.basicBuild(BuildManager.java:352)
	at org.eclipse.core.internal.events.BuildManager$1.run(BuildManager.java:441)
	at org.eclipse.core.runtime.SafeRunner.run(SafeRunner.java:47)
	at org.eclipse.core.internal.events.BuildManager.basicBuild(BuildManager.java:444)
	at org.eclipse.core.internal.events.BuildManager.basicBuildLoop(BuildManager.java:555)
	at org.eclipse.core.internal.events.BuildManager.basicBuildLoop(BuildManager.java:503)
	at org.eclipse.core.internal.events.BuildManager.build(BuildManager.java:585)
	at org.eclipse.core.internal.events.AutoBuildJob.doBuild(AutoBuildJob.java:207)
	at org.eclipse.core.internal.events.AutoBuildJob.run(AutoBuildJob.java:300)
	at org.eclipse.core.internal.jobs.Worker.run(Worker.java:63)
Caused by: org.apache.maven.model.io.ModelParseException: Unrecognised tag: 'groupId' (position: START_TAG seen ...</dependency>\n    <groupId>... @118:14) 
	at org.apache.maven.model.io.DefaultModelReader.read(DefaultModelReader.java:96)
	at org.apache.maven.model.io.DefaultModelReader.read(DefaultModelReader.java:74)
	at org.eclipse.m2e.core.internal.IMavenToolbox.readModel(IMavenToolbox.java:243)
	... 24 common frames omitted
Caused by: org.codehaus.plexus.util.xml.pull.XmlPullParserException: Unrecognised tag: 'groupId' (position: START_TAG seen ...</dependency>\n    <groupId>... @118:14) 
	at org.apache.maven.model.io.xpp3.MavenXpp3Reader.checkUnknownElement(MavenXpp3Reader.java:181)
	at org.apache.maven.model.io.xpp3.MavenXpp3Reader.parseModel(MavenXpp3Reader.java:2325)
	at org.apache.maven.model.io.xpp3.MavenXpp3Reader.read(MavenXpp3Reader.java:623)
	at org.apache.maven.model.io.xpp3.MavenXpp3Reader.read(MavenXpp3Reader.java:654)
	at org.apache.maven.model.io.DefaultModelReader.read(DefaultModelReader.java:93)
	... 26 common frames omitted
2024-08-19 12:01:58,387 [Worker-31: Building] ERROR o.e.m.c.i.p.r.ProjectRegistryManager - Could not read pom.xml
org.eclipse.core.runtime.CoreException: Could not read pom.xml
	at org.eclipse.m2e.core.internal.IMavenToolbox.readModel(IMavenToolbox.java:245)
	at org.eclipse.m2e.core.internal.project.registry.ProjectRegistryManager.refreshPhase2(ProjectRegistryManager.java:587)
	at org.eclipse.m2e.core.internal.project.registry.ProjectRegistryManager.refresh(ProjectRegistryManager.java:487)
	at org.eclipse.m2e.core.internal.project.registry.ProjectRegistryManager.refresh(ProjectRegistryManager.java:366)
	at org.eclipse.m2e.core.internal.project.registry.ProjectRegistryManager.refresh(ProjectRegistryManager.java:318)
	at org.eclipse.m2e.core.internal.builder.MavenBuilder$BuildMethod.getProjectFacade(MavenBuilder.java:146)
	at org.eclipse.m2e.core.internal.builder.MavenBuilder$BuildMethod.lambda$0(MavenBuilder.java:84)
	at org.eclipse.m2e.core.internal.embedder.MavenExecutionContext.executeBare(MavenExecutionContext.java:458)
	at org.eclipse.m2e.core.internal.embedder.MavenExecutionContext.execute(MavenExecutionContext.java:339)
	at org.eclipse.m2e.core.internal.embedder.MavenExecutionContext.execute(MavenExecutionContext.java:278)
	at org.eclipse.m2e.core.internal.builder.MavenBuilder$BuildMethod.execute(MavenBuilder.java:83)
	at org.eclipse.m2e.core.internal.builder.MavenBuilder.build(MavenBuilder.java:192)
	at org.eclipse.core.internal.events.BuildManager$2.run(BuildManager.java:1077)
	at org.eclipse.core.runtime.SafeRunner.run(SafeRunner.java:47)
	at org.eclipse.core.internal.events.BuildManager.basicBuild(BuildManager.java:296)
	at org.eclipse.core.internal.events.BuildManager.basicBuild(BuildManager.java:352)
	at org.eclipse.core.internal.events.BuildManager$1.run(BuildManager.java:441)
	at org.eclipse.core.runtime.SafeRunner.run(SafeRunner.java:47)
	at org.eclipse.core.internal.events.BuildManager.basicBuild(BuildManager.java:444)
	at org.eclipse.core.internal.events.BuildManager.basicBuildLoop(BuildManager.java:555)
	at org.eclipse.core.internal.events.BuildManager.basicBuildLoop(BuildManager.java:503)
	at org.eclipse.core.internal.events.BuildManager.build(BuildManager.java:585)
	at org.eclipse.core.internal.events.AutoBuildJob.doBuild(AutoBuildJob.java:207)
	at org.eclipse.core.internal.events.AutoBuildJob.run(AutoBuildJob.java:300)
	at org.eclipse.core.internal.jobs.Worker.run(Worker.java:63)
Caused by: org.apache.maven.model.io.ModelParseException: Unrecognised tag: 'groupId' (position: START_TAG seen ...</dependency>\n    <groupId>... @118:14) 
	at org.apache.maven.model.io.DefaultModelReader.read(DefaultModelReader.java:96)
	at org.apache.maven.model.io.DefaultModelReader.read(DefaultModelReader.java:74)
	at org.eclipse.m2e.core.internal.IMavenToolbox.readModel(IMavenToolbox.java:243)
	... 24 common frames omitted
Caused by: org.codehaus.plexus.util.xml.pull.XmlPullParserException: Unrecognised tag: 'groupId' (position: START_TAG seen ...</dependency>\n    <groupId>... @118:14) 
	at org.apache.maven.model.io.xpp3.MavenXpp3Reader.checkUnknownElement(MavenXpp3Reader.java:181)
	at org.apache.maven.model.io.xpp3.MavenXpp3Reader.parseModel(MavenXpp3Reader.java:2325)
	at org.apache.maven.model.io.xpp3.MavenXpp3Reader.read(MavenXpp3Reader.java:623)
	at org.apache.maven.model.io.xpp3.MavenXpp3Reader.read(MavenXpp3Reader.java:654)
	at org.apache.maven.model.io.DefaultModelReader.read(DefaultModelReader.java:93)
	... 26 common frames omitted
2024-08-19 12:02:56,823 [Worker-31: Building] INFO  o.e.m.c.i.l.LifecycleMappingFactory - Using org.eclipse.m2e.jdt.JarLifecycleMapping lifecycle mapping for MavenProject: com.code.api:bookstoreapi:0.0.1-SNAPSHOT @ D:\MCKVJAVA\Week4\exercise12\bookstoreapi\bookstoreapi\pom.xml.
2024-08-19 12:02:58,231 [Worker-31: Building] INFO  o.a.m.s.f.DefaultMavenResourcesFiltering - Copying 1 resource from src\main\resources to target\classes
2024-08-19 12:02:58,254 [Worker-31: Building] INFO  o.a.m.s.f.DefaultMavenResourcesFiltering - Copying 0 resource from src\main\resources to target\classes
2024-08-19 12:02:58,261 [Worker-31: Building] INFO  o.a.m.s.f.DefaultMavenResourcesFiltering - skip non existing resourceDirectory D:\MCKVJAVA\Week4\exercise12\bookstoreapi\bookstoreapi\src\test\resources
2024-08-19 12:02:58,384 [Worker-31: Updating Maven Project] INFO  o.e.m.c.i.p.ProjectConfigurationManager - Update started
2024-08-19 12:02:59,309 [Worker-31: Updating Maven Project] INFO  o.e.m.c.i.l.LifecycleMappingFactory - Using org.eclipse.m2e.jdt.JarLifecycleMapping lifecycle mapping for MavenProject: com.code.api:bookstoreapi:0.0.1-SNAPSHOT @ D:\MCKVJAVA\Week4\exercise12\bookstoreapi\bookstoreapi\pom.xml.
2024-08-19 12:03:01,313 [Worker-31: Updating Maven Project] INFO  o.e.m.j.i.AbstractJavaProjectConfigurator - Adding source folder /bookstoreapi/src/main/java
2024-08-19 12:03:01,314 [Worker-31: Updating Maven Project] INFO  o.e.m.j.i.AbstractJavaProjectConfigurator - Adding resource folder /bookstoreapi/src/main/resources
2024-08-19 12:03:01,316 [Worker-31: Updating Maven Project] INFO  o.e.m.j.i.AbstractJavaProjectConfigurator - Adding resource folder /bookstoreapi/src/main/resources
2024-08-19 12:03:01,317 [Worker-31: Updating Maven Project] INFO  o.e.m.j.i.AbstractJavaProjectConfigurator - Adding source folder /bookstoreapi/src/test/java
2024-08-19 12:03:01,318 [Worker-31: Updating Maven Project] INFO  o.e.m.j.i.AbstractJavaProjectConfigurator - Adding resource folder /bookstoreapi/src/test/resources
2024-08-19 12:03:02,631 [Worker-24: Building] INFO  o.a.m.s.f.DefaultMavenResourcesFiltering - Copying 1 resource from src\main\resources to target\classes
2024-08-19 12:03:02,693 [Worker-24: Building] INFO  o.a.m.s.f.DefaultMavenResourcesFiltering - Copying 0 resource from src\main\resources to target\classes
2024-08-19 12:03:02,704 [Worker-24: Building] INFO  o.a.m.s.f.DefaultMavenResourcesFiltering - skip non existing resourceDirectory D:\MCKVJAVA\Week4\exercise12\bookstoreapi\bookstoreapi\src\test\resources
2024-08-19 12:08:30,392 [Worker-34: Building] INFO  o.a.m.s.f.DefaultMavenResourcesFiltering - Copying 1 resource from src\main\resources to target\classes
2024-08-19 12:08:30,409 [Worker-34: Building] INFO  o.a.m.s.f.DefaultMavenResourcesFiltering - Copying 0 resource from src\main\resources to target\classes
2024-08-19 12:08:30,416 [Worker-34: Building] INFO  o.a.m.s.f.DefaultMavenResourcesFiltering - skip non existing resourceDirectory D:\MCKVJAVA\Week4\exercise12\bookstoreapi\bookstoreapi\src\test\resources
2024-08-19 12:15:15,506 [Worker-38: Building] INFO  o.a.m.s.f.DefaultMavenResourcesFiltering - Copying 1 resource from src\main\resources to target\classes
2024-08-19 12:15:15,519 [Worker-38: Building] INFO  o.a.m.s.f.DefaultMavenResourcesFiltering - Copying 0 resource from src\main\resources to target\classes
2024-08-19 12:15:15,526 [Worker-38: Building] INFO  o.a.m.s.f.DefaultMavenResourcesFiltering - skip non existing resourceDirectory D:\MCKVJAVA\Week4\exercise12\bookstoreapi\bookstoreapi\src\test\resources
2024-08-19 12:16:52,367 [Worker-19: Building] INFO  o.a.m.s.f.DefaultMavenResourcesFiltering - Copying 1 resource from src\main\resources to target\classes
2024-08-19 12:16:52,393 [Worker-19: Building] INFO  o.a.m.s.f.DefaultMavenResourcesFiltering - Copying 0 resource from src\main\resources to target\classes
2024-08-19 12:16:52,406 [Worker-19: Building] INFO  o.a.m.s.f.DefaultMavenResourcesFiltering - skip non existing resourceDirectory D:\MCKVJAVA\Week4\exercise12\bookstoreapi\bookstoreapi\src\test\resources
2024-08-19 12:19:41,164 [Worker-19: Building] INFO  o.a.m.s.f.DefaultMavenResourcesFiltering - Copying 1 resource from src\main\resources to target\classes
2024-08-19 12:19:41,179 [Worker-19: Building] INFO  o.a.m.s.f.DefaultMavenResourcesFiltering - Copying 0 resource from src\main\resources to target\classes
2024-08-19 12:19:41,184 [Worker-19: Building] INFO  o.a.m.s.f.DefaultMavenResourcesFiltering - skip non existing resourceDirectory D:\MCKVJAVA\Week4\exercise12\bookstoreapi\bookstoreapi\src\test\resources
2024-08-19 12:21:20,141 [Worker-41: Launching bookstoreapi - BookstoreApiApplication] INFO  o.a.m.s.f.DefaultMavenResourcesFiltering - Copying 1 resource from src\main\resources to target\classes
2024-08-19 12:21:20,150 [Worker-41: Launching bookstoreapi - BookstoreApiApplication] INFO  o.a.m.s.f.DefaultMavenResourcesFiltering - Copying 0 resource from src\main\resources to target\classes
2024-08-19 12:21:20,155 [Worker-41: Launching bookstoreapi - BookstoreApiApplication] INFO  o.a.m.s.f.DefaultMavenResourcesFiltering - skip non existing resourceDirectory D:\MCKVJAVA\Week4\exercise12\bookstoreapi\bookstoreapi\src\test\resources
2024-08-19 12:21:39,791 [Worker-45: Launching bookstoreapi - BookstoreApiApplication] INFO  o.a.m.s.f.DefaultMavenResourcesFiltering - Copying 1 resource from src\main\resources to target\classes
2024-08-19 12:21:39,799 [Worker-45: Launching bookstoreapi - BookstoreApiApplication] INFO  o.a.m.s.f.DefaultMavenResourcesFiltering - Copying 0 resource from src\main\resources to target\classes
2024-08-19 12:21:39,804 [Worker-45: Launching bookstoreapi - BookstoreApiApplication] INFO  o.a.m.s.f.DefaultMavenResourcesFiltering - skip non existing resourceDirectory D:\MCKVJAVA\Week4\exercise12\bookstoreapi\bookstoreapi\src\test\resources
2024-08-19 12:35:10,920 [Worker-51: Launching bookstoreapi - BookstoreApiApplication] INFO  o.a.m.s.f.DefaultMavenResourcesFiltering - Copying 1 resource from src\main\resources to target\classes
2024-08-19 12:35:10,942 [Worker-51: Launching bookstoreapi - BookstoreApiApplication] INFO  o.a.m.s.f.DefaultMavenResourcesFiltering - Copying 0 resource from src\main\resources to target\classes
2024-08-19 12:35:10,949 [Worker-51: Launching bookstoreapi - BookstoreApiApplication] INFO  o.a.m.s.f.DefaultMavenResourcesFiltering - skip non existing resourceDirectory D:\MCKVJAVA\Week4\exercise12\bookstoreapi\bookstoreapi\src\test\resources
2024-08-19 12:37:05,360 [Worker-51: Building] INFO  o.a.m.s.f.DefaultMavenResourcesFiltering - Copying 1 resource from src\main\resources to target\classes
2024-08-19 12:37:05,391 [Worker-51: Building] INFO  o.a.m.s.f.DefaultMavenResourcesFiltering - Copying 0 resource from src\main\resources to target\classes
2024-08-19 12:37:05,394 [Worker-51: Building] INFO  o.a.m.s.f.DefaultMavenResourcesFiltering - skip non existing resourceDirectory D:\MCKVJAVA\Week4\exercise12\bookstoreapi\bookstoreapi\src\test\resources
2024-08-19 12:45:50,558 [Worker-56: Launching bookstoreapi - BookstoreApiApplication] INFO  o.a.m.s.f.DefaultMavenResourcesFiltering - Copying 1 resource from src\main\resources to target\classes
2024-08-19 12:45:50,571 [Worker-56: Launching bookstoreapi - BookstoreApiApplication] INFO  o.a.m.s.f.DefaultMavenResourcesFiltering - Copying 0 resource from src\main\resources to target\classes
2024-08-19 12:45:50,575 [Worker-56: Launching bookstoreapi - BookstoreApiApplication] INFO  o.a.m.s.f.DefaultMavenResourcesFiltering - skip non existing resourceDirectory D:\MCKVJAVA\Week4\exercise12\bookstoreapi\bookstoreapi\src\test\resources
2024-08-19 12:50:04,746 [Worker-60: Launching bookstoreapi - BookstoreApiApplication] INFO  o.a.m.s.f.DefaultMavenResourcesFiltering - Copying 1 resource from src\main\resources to target\classes
2024-08-19 12:50:04,757 [Worker-60: Launching bookstoreapi - BookstoreApiApplication] INFO  o.a.m.s.f.DefaultMavenResourcesFiltering - Copying 0 resource from src\main\resources to target\classes
2024-08-19 12:50:04,761 [Worker-60: Launching bookstoreapi - BookstoreApiApplication] INFO  o.a.m.s.f.DefaultMavenResourcesFiltering - skip non existing resourceDirectory D:\MCKVJAVA\Week4\exercise12\bookstoreapi\bookstoreapi\src\test\resources
2024-08-19 12:51:30,161 [Worker-57: Launching bookstoreapi - BookstoreApiApplication] INFO  o.a.m.s.f.DefaultMavenResourcesFiltering - Copying 1 resource from src\main\resources to target\classes
2024-08-19 12:51:30,168 [Worker-57: Launching bookstoreapi - BookstoreApiApplication] INFO  o.a.m.s.f.DefaultMavenResourcesFiltering - Copying 0 resource from src\main\resources to target\classes
2024-08-19 12:51:30,187 [Worker-57: Launching bookstoreapi - BookstoreApiApplication] INFO  o.a.m.s.f.DefaultMavenResourcesFiltering - skip non existing resourceDirectory D:\MCKVJAVA\Week4\exercise12\bookstoreapi\bookstoreapi\src\test\resources
2024-08-19 13:03:36,872 [Worker-67: Launching bookstoreapi - BookstoreApiApplication] INFO  o.a.m.s.f.DefaultMavenResourcesFiltering - Copying 1 resource from src\main\resources to target\classes
2024-08-19 13:03:36,883 [Worker-67: Launching bookstoreapi - BookstoreApiApplication] INFO  o.a.m.s.f.DefaultMavenResourcesFiltering - Copying 0 resource from src\main\resources to target\classes
2024-08-19 13:03:36,888 [Worker-67: Launching bookstoreapi - BookstoreApiApplication] INFO  o.a.m.s.f.DefaultMavenResourcesFiltering - skip non existing resourceDirectory D:\MCKVJAVA\Week4\exercise12\bookstoreapi\bookstoreapi\src\test\resources
2024-08-19 13:06:08,582 [Worker-66: Launching bookstoreapi - BookstoreApiApplication] INFO  o.a.m.s.f.DefaultMavenResourcesFiltering - Copying 1 resource from src\main\resources to target\classes
2024-08-19 13:06:08,596 [Worker-66: Launching bookstoreapi - BookstoreApiApplication] INFO  o.a.m.s.f.DefaultMavenResourcesFiltering - Copying 0 resource from src\main\resources to target\classes
2024-08-19 13:06:08,604 [Worker-66: Launching bookstoreapi - BookstoreApiApplication] INFO  o.a.m.s.f.DefaultMavenResourcesFiltering - skip non existing resourceDirectory D:\MCKVJAVA\Week4\exercise12\bookstoreapi\bookstoreapi\src\test\resources
2024-08-19 13:07:04,726 [Worker-70: Launching bookstoreapi - BookstoreApiApplication] INFO  o.a.m.s.f.DefaultMavenResourcesFiltering - Copying 1 resource from src\main\resources to target\classes
2024-08-19 13:07:04,732 [Worker-70: Launching bookstoreapi - BookstoreApiApplication] INFO  o.a.m.s.f.DefaultMavenResourcesFiltering - Copying 0 resource from src\main\resources to target\classes
2024-08-19 13:07:04,736 [Worker-70: Launching bookstoreapi - BookstoreApiApplication] INFO  o.a.m.s.f.DefaultMavenResourcesFiltering - skip non existing resourceDirectory D:\MCKVJAVA\Week4\exercise12\bookstoreapi\bookstoreapi\src\test\resources
